<?xml version="1.0" encoding="UTF-8"?>
<testsuite xmlns:xsi="http://www.w3.org/2001/XMLSchema-instance" xsi:noNamespaceSchemaLocation="https://maven.apache.org/surefire/maven-surefire-plugin/xsd/surefire-test-report-3.0.xsd" version="3.0" name="TestSuite" time="5.741" tests="1" errors="0" skipped="0" failures="1">
  <properties>
[...]
</properties>
  <testcase name="runScenario[&quot;Verify that user able to land on Home page after entering valid Username and Password fields&quot;, &quot;Login Page validation&quot;](1)" classname="testrunner1.TestRunner" time="5.044">
    <failure message="Failed to read Excel file: Sheet loginscenario not found" type="java.lang.RuntimeException"><![CDATA[java.lang.RuntimeException: Failed to read Excel file: Sheet loginscenario not found
	at utilities.Excelreader.getData(Excelreader.java:38)
	at utilities.Excelreader.getTestDataByAction(Excelreader.java:46)
	at stepdefinition.LoginTests.userentersvalidcredentials(LoginTests.java:36)
	at ✽.User enters valid credentials and clicks login button(file:///Users/aapu/eclipse-workspace/Dsalgo_Project3/src/test/resources/features/login/Login.feature:11)
]]></failure>
    <system-out><![CDATA[
@LoginTests @tag2
Scenario: Verify that user able to land on Home page after entering valid Username and Password fields # src/test/resources/features/login/Login.feature:9
  Given User is on the login page                                                                      # stepdefinition.LoginTests.userOnLoginPage()
  When User enters valid credentials and clicks login button                                           # stepdefinition.LoginTests.userentersvalidcredentials()
      java.lang.RuntimeException: Failed to read Excel file: Sheet loginscenario not found
      	at utilities.Excelreader.getData(Excelreader.java:38)
      	at utilities.Excelreader.getTestDataByAction(Excelreader.java:46)
      	at stepdefinition.LoginTests.userentersvalidcredentials(LoginTests.java:36)
      	at ✽.User enters valid credentials and clicks login button(file:///Users/aapu/eclipse-workspace/Dsalgo_Project3/src/test/resources/features/login/Login.feature:11)
  Then User should see the "Data Structures-Introduction" heading                                      # stepdefinition.LoginTests.usershouldseeintropage(java.lang.String)
Sign out link not found or already signed out.
]]></system-out>
    <system-err><![CDATA[SLF4J(I): Connected with provider of type [org.slf4j.simple.SimpleServiceProvider]
[TestNG-PoolService-1] INFO io.github.bonigarcia.wdm.WebDriverManager - Using chromedriver 140.0.7339.185 (resolved driver for Chrome 140)
[TestNG-PoolService-1] INFO io.github.bonigarcia.wdm.WebDriverManager - Exporting webdriver.chrome.driver as /Users/aapu/.cache/selenium/chromedriver/mac-arm64/140.0.7339.185/chromedriver
Sep 18, 2025 3:55:59 PM org.openqa.selenium.devtools.CdpVersionFinder findNearestMatch
WARNING: Unable to find an exact match for CDP version 140, returning the closest version; found: 137; Please update to a Selenium version that supports CDP version 140
java.lang.RuntimeException: Sheet loginscenario not found
	at utilities.Excelreader.getData(Excelreader.java:16)
	at utilities.Excelreader.getTestDataByAction(Excelreader.java:46)
	at stepdefinition.LoginTests.userentersvalidcredentials(LoginTests.java:36)
	at java.base/jdk.internal.reflect.DirectMethodHandleAccessor.invoke(DirectMethodHandleAccessor.java:104)
	at java.base/java.lang.reflect.Method.invoke(Method.java:565)
	at io.cucumber.java.Invoker.doInvoke(Invoker.java:66)
	at io.cucumber.java.Invoker.invoke(Invoker.java:24)
	at io.cucumber.java.AbstractGlueDefinition.invokeMethod(AbstractGlueDefinition.java:47)
	at io.cucumber.java.JavaStepDefinition.execute(JavaStepDefinition.java:29)
	at io.cucumber.core.runner.CoreStepDefinition.execute(CoreStepDefinition.java:66)
	at io.cucumber.core.runner.PickleStepDefinitionMatch.runStep(PickleStepDefinitionMatch.java:62)
	at io.cucumber.core.runner.ExecutionMode$1.execute(ExecutionMode.java:10)
	at io.cucumber.core.runner.TestStep.executeStep(TestStep.java:81)
	at io.cucumber.core.runner.TestStep.run(TestStep.java:53)
	at io.cucumber.core.runner.PickleStepTestStep.run(PickleStepTestStep.java:51)
	at io.cucumber.core.runner.TestCase.run(TestCase.java:86)
	at io.cucumber.core.runner.Runner.runPickle(Runner.java:77)
	at io.cucumber.testng.TestNGCucumberRunner.lambda$runScenario$1(TestNGCucumberRunner.java:135)
	at io.cucumber.core.runtime.CucumberExecutionContext.lambda$runTestCase$5(CucumberExecutionContext.java:136)
	at io.cucumber.core.runtime.RethrowingThrowableCollector.executeAndThrow(RethrowingThrowableCollector.java:23)
	at io.cucumber.core.runtime.CucumberExecutionContext.runTestCase(CucumberExecutionContext.java:136)
	at io.cucumber.testng.TestNGCucumberRunner.runScenario(TestNGCucumberRunner.java:132)
	at io.cucumber.testng.AbstractTestNGCucumberTests.runScenario(AbstractTestNGCucumberTests.java:35)
	at java.base/jdk.internal.reflect.DirectMethodHandleAccessor.invoke(DirectMethodHandleAccessor.java:104)
	at java.base/java.lang.reflect.Method.invoke(Method.java:565)
	at org.testng.internal.invokers.MethodInvocationHelper.invokeMethod(MethodInvocationHelper.java:141)
	at org.testng.internal.invokers.TestInvoker.invokeMethod(TestInvoker.java:687)
	at org.testng.internal.invokers.TestInvoker.invokeTestMethod(TestInvoker.java:230)
	at org.testng.internal.invokers.TestMethodWithDataProviderMethodWorker.call(TestMethodWithDataProviderMethodWorker.java:81)
	at org.testng.internal.thread.Async$AsyncTask.run(Async.java:34)
	at java.base/java.util.concurrent.ThreadPoolExecutor.runWorker(ThreadPoolExecutor.java:1095)
	at java.base/java.util.concurrent.ThreadPoolExecutor$Worker.run(ThreadPoolExecutor.java:619)
	at java.base/java.lang.Thread.run(Thread.java:1447)
]]></system-err>
  </testcase>
</testsuite>