<?xml version="1.0" encoding="UTF-8"?>
<testsuite xmlns:xsi="http://www.w3.org/2001/XMLSchema-instance" xsi:noNamespaceSchemaLocation="https://maven.apache.org/surefire/maven-surefire-plugin/xsd/surefire-test-report-3.0.xsd" version="3.0" name="TestSuite" time="21.41" tests="11" errors="0" skipped="0" failures="0">
  <properties>
[...]
</properties>
  <testcase name="runScenario[&quot;Check &quot;Data structures-Introduction&quot; Content display on DS page&quot;, &quot;DataStructures Page Validation&quot;](1)" classname="testrunner1.TestRunner" time="5.742">
    <system-out><![CDATA[
@DatastructuresTest
Scenario: Check "Data structures-Introduction" Content display on DS page       # src/test/resources/features/Datastructures/Datastructures.feature:9
  Given User is on the Home page after logging in                               # stepdefinition.DatastructuresTest.user_is_on_home_page_after_logging_in()
7
Data Structures-Introduction
  When User clicks the Getting Started button in Data Structures - Introduction # stepdefinition.DatastructuresTest.user_clicks_the_button_in_data_structures_introduction()
Current URL: https://dsportalapp.herokuapp.com/data-structures-introduction/
  Given User is on the "Data Structures" page                                   # stepdefinition.DatastructuresTest.user_is_on_the_datastructures_Page(java.lang.String)
  When User views "Data Structures-Introduction" on DS page                     # stepdefinition.DatastructuresTest.user_views_datastructures_on_ds_page(java.lang.String)
  Then User should see displayed content under Datastructures module            # stepdefinition.DatastructuresTest.user_should_see_the_content_displayed_under_datastructures_module()
Signed out successfully after scenario.
]]></system-out>
    <system-err><![CDATA[SLF4J(I): Connected with provider of type [org.slf4j.simple.SimpleServiceProvider]
Sep 10, 2025 4:09:06 PM org.openqa.selenium.devtools.CdpVersionFinder findNearestMatch
WARNING: Unable to find an exact match for CDP version 140, returning the closest version; found: 137; Please update to a Selenium version that supports CDP version 140
]]></system-err>
  </testcase>
  <testcase name="runScenario[&quot;Check &quot;Topics Covered&quot; Content display on DS page&quot;, &quot;DataStructures Page Validation&quot;](2)" classname="testrunner1.TestRunner" time="1.533">
    <system-out><![CDATA[
@DatastructuresTest
Scenario: Check "Topics Covered" Content display on DS page                     # src/test/resources/features/Datastructures/Datastructures.feature:14
  Given User is on the Home page after logging in                               # stepdefinition.DatastructuresTest.user_is_on_home_page_after_logging_in()
7
Data Structures-Introduction
  When User clicks the Getting Started button in Data Structures - Introduction # stepdefinition.DatastructuresTest.user_clicks_the_button_in_data_structures_introduction()
Current URL: https://dsportalapp.herokuapp.com/data-structures-introduction/
  Given User is on the "Data Structures" page                                   # stepdefinition.DatastructuresTest.user_is_on_the_datastructures_Page(java.lang.String)
  When User views "Topics Covered" on DS page                                   # stepdefinition.DatastructuresTest.user_views_datastructures_on_ds_page(java.lang.String)
  Then User should see displayed content under Datastructures module            # stepdefinition.DatastructuresTest.user_should_see_the_content_displayed_under_datastructures_module()
Signed out successfully after scenario.
]]></system-out>
  </testcase>
  <testcase name="runScenario[&quot;Verify Time Complexity page is accessible from Introduction&quot;, &quot;DataStructures Page Validation&quot;](3)" classname="testrunner1.TestRunner" time="2.685">
    <system-out><![CDATA[
@DatastructuresTest
Scenario: Verify Time Complexity page is accessible from Introduction           # src/test/resources/features/Datastructures/Datastructures.feature:19
  Given User is on the Home page after logging in                               # stepdefinition.DatastructuresTest.user_is_on_home_page_after_logging_in()
7
Data Structures-Introduction
  When User clicks the Getting Started button in Data Structures - Introduction # stepdefinition.DatastructuresTest.user_clicks_the_button_in_data_structures_introduction()
[DEBUG] After login. Current URL: https://dsportalapp.herokuapp.com/home
[DEBUG] Navigated to DS Intro. Current URL: https://dsportalapp.herokuapp.com/data-structures-introduction/
Current URL: https://dsportalapp.herokuapp.com/data-structures-introduction/
  Given User on "Data Structures-Introduction" page                             # stepdefinition.DatastructuresTest.user_is_on_the_datastructures_introduction_Page(java.lang.String)
  When User clicks on "Time Complexity" link                                    # stepdefinition.DatastructuresTest.user_clicks_on_timecomplexity_link(java.lang.String)
  Then User should see "Time Complexity" page                                   # stepdefinition.DatastructuresTest.user_should_see_timecomplexity_page(java.lang.String)
Signed out successfully after scenario.
]]></system-out>
  </testcase>
  <testcase name="runScenario[&quot;Verify content on Time Complexity page is displayed correctly&quot;, &quot;DataStructures Page Validation&quot;](4)" classname="testrunner1.TestRunner" time="1.295">
    <system-out><![CDATA[
@DatastructuresTest
Scenario: Verify content on Time Complexity page is displayed correctly         # src/test/resources/features/Datastructures/Datastructures.feature:24
  Given User is on the Home page after logging in                               # stepdefinition.DatastructuresTest.user_is_on_home_page_after_logging_in()
7
Data Structures-Introduction
  When User clicks the Getting Started button in Data Structures - Introduction # stepdefinition.DatastructuresTest.user_clicks_the_button_in_data_structures_introduction()
[DEBUG] Navigated to: https://dsportalapp.herokuapp.com/data-structures-introduction/time-complexity/
Current URL: https://dsportalapp.herokuapp.com/data-structures-introduction/time-complexity/
  Given User is on "Time Complexity" page for timecomplexity                    # stepdefinition.DatastructuresTest.user_should_see_content_in_timecomplexity_page(java.lang.String)
  When User navigates to view "Time Complexity" page                            # stepdefinition.DatastructuresTest.user_navigates_to_view_time_complexity_page(java.lang.String)
  Then User should see content in "Time Complexity" page                        # stepdefinition.DatastructuresTest.user_should_see_content_in_time_complexity_page(java.lang.String)
Signed out successfully after scenario.
]]></system-out>
  </testcase>
  <testcase name="runScenario[&quot;Verify that user is able to navigate to &quot;try Editor&quot; page&quot;, &quot;DataStructures Page Validation&quot;](5)" classname="testrunner1.TestRunner" time="1.71">
    <system-out><![CDATA[
@DatastructuresTest
Scenario: Verify that user is able to navigate to "try Editor" page                       # src/test/resources/features/Datastructures/Datastructures.feature:29
  Given User is on the Home page after logging in                                         # stepdefinition.DatastructuresTest.user_is_on_home_page_after_logging_in()
7
Data Structures-Introduction
  When User clicks the Getting Started button in Data Structures - Introduction           # stepdefinition.DatastructuresTest.user_clicks_the_button_in_data_structures_introduction()
[DEBUG] Navigated to: https://dsportalapp.herokuapp.com/data-structures-introduction/time-complexity/
Current URL: https://dsportalapp.herokuapp.com/data-structures-introduction/time-complexity/
  Given User is on "Time Complexity" page for timecomplexity                              # stepdefinition.DatastructuresTest.user_should_see_content_in_timecomplexity_page(java.lang.String)
  When User clicks "Try Here" button                                                      # stepdefinition.DatastructuresTest.user_clicks_try_here_button(java.lang.String)
  Then User should be redirected to a page having an try Editor with a Run button to test # stepdefinition.DatastructuresTest.user_should_see_try_editor_with_run_button()
Sign out link not found or already signed out.
]]></system-out>
  </testcase>
  <testcase name="runScenario[&quot;Verify that user receives error when click on Run button without entering code&quot;, &quot;DataStructures Page Validation&quot;](6)" classname="testrunner1.TestRunner" time="1.13">
    <system-out><![CDATA[
@DatastructuresTest
Scenario: Verify that user receives error when click on Run button without entering code # src/test/resources/features/Datastructures/Datastructures.feature:34
  Given User is on the Home page after logging in                                        # stepdefinition.DatastructuresTest.user_is_on_home_page_after_logging_in()
7
Data Structures-Introduction
  When User clicks the Getting Started button in Data Structures - Introduction          # stepdefinition.DatastructuresTest.user_clicks_the_button_in_data_structures_introduction()
  Given User is on the "tryEditor" page for timecomplexity                               # stepdefinition.DatastructuresTest.user_is_on_the_tryeditor_page(java.lang.String)
  When User clicks the "Run" without entering the code in the Editor                     # stepdefinition.DatastructuresTest.user_clicks_the_run_button_without_entering_the_code(java.lang.String)
Sign out link not found or already signed out.
]]></system-out>
  </testcase>
  <testcase name="runScenario[&quot;Verify that user receives error for invalid python code&quot;, &quot;DataStructures Page Validation&quot;](7)" classname="testrunner1.TestRunner" time="1.242">
    <system-out><![CDATA[
@DatastructuresTest
Scenario: Verify that user receives error for invalid python code               # src/test/resources/features/Datastructures/Datastructures.feature:38
  Given User is on the Home page after logging in                               # stepdefinition.DatastructuresTest.user_is_on_home_page_after_logging_in()
7
Data Structures-Introduction
  When User clicks the Getting Started button in Data Structures - Introduction # stepdefinition.DatastructuresTest.user_clicks_the_button_in_data_structures_introduction()
  Given User is on the "tryEditor" page for timecomplexity                      # stepdefinition.DatastructuresTest.user_is_on_the_tryeditor_page(java.lang.String)
  When User writes the invalid code in Editor and clicks the "Run" Button       # stepdefinition.DatastructuresTest.user_writes_the_invalid_code_in_editor_and_clicks_run_button(java.lang.String)
alert message is:SyntaxError: bad input on line 1
  Then User should be able to see an error message in alert window              # stepdefinition.DatastructuresTest.user_should_be_able_to_see_error_message_in_alert_window()
Sign out link not found or already signed out.
]]></system-out>
  </testcase>
  <testcase name="runScenario[&quot;Verify that user is able to see output for valid python code&quot;, &quot;DataStructures Page Validation&quot;](8)" classname="testrunner1.TestRunner" time="1.117">
    <system-out><![CDATA[
@DatastructuresTest
Scenario: Verify that user is able to see output for valid python code          # src/test/resources/features/Datastructures/Datastructures.feature:43
  Given User is on the Home page after logging in                               # stepdefinition.DatastructuresTest.user_is_on_home_page_after_logging_in()
7
Data Structures-Introduction
  When User clicks the Getting Started button in Data Structures - Introduction # stepdefinition.DatastructuresTest.user_clicks_the_button_in_data_structures_introduction()
  Given User is on the "tryEditor" page for timecomplexity                      # stepdefinition.DatastructuresTest.user_is_on_the_tryeditor_page(java.lang.String)
  When User writes the valid code in Editor and clicks the "Run" Button         # stepdefinition.DatastructuresTest.user_writes_the_valid_code_in_editor_and_clicks_the_run_button(java.lang.String)
output message isHello DS Algo
  Then User should be able to see output in the console                         # stepdefinition.DatastructuresTest.user_should_be_able_to_see_output_in_the_console()
Sign out link not found or already signed out.
]]></system-out>
  </testcase>
  <testcase name="runScenario[&quot;Verify Navigate back from editor to topic page&quot;, &quot;DataStructures Page Validation&quot;](9)" classname="testrunner1.TestRunner" time="1.482">
    <system-out><![CDATA[
@DatastructuresTest
Scenario: Verify Navigate back from editor to topic page                        # src/test/resources/features/Datastructures/Datastructures.feature:48
  Given User is on the Home page after logging in                               # stepdefinition.DatastructuresTest.user_is_on_home_page_after_logging_in()
7
Data Structures-Introduction
  When User clicks the Getting Started button in Data Structures - Introduction # stepdefinition.DatastructuresTest.user_clicks_the_button_in_data_structures_introduction()
  Given User is on the "tryEditor" page for timecomplexity                      # stepdefinition.DatastructuresTest.user_is_on_the_tryeditor_page(java.lang.String)
  When User clicks on back arrow                                                # stepdefinition.DatastructuresTest.user_clicks_on_back_arrow()
  Then User should see displayed content under Datastructures module            # stepdefinition.DatastructuresTest.user_should_see_the_content_displayed_under_datastructures_module()
Signed out successfully after scenario.
]]></system-out>
  </testcase>
  <testcase name="runScenario[&quot;Verify Output area clears on new run&quot;, &quot;DataStructures Page Validation&quot;](10)" classname="testrunner1.TestRunner" time="1.212">
    <system-out><![CDATA[
@DatastructuresTest
Scenario: Verify Output area clears on new run                                  # src/test/resources/features/Datastructures/Datastructures.feature:53
  Given User is on the Home page after logging in                               # stepdefinition.DatastructuresTest.user_is_on_home_page_after_logging_in()
7
Data Structures-Introduction
  When User clicks the Getting Started button in Data Structures - Introduction # stepdefinition.DatastructuresTest.user_clicks_the_button_in_data_structures_introduction()
  Given User is on the "tryEditor" page for timecomplexity                      # stepdefinition.DatastructuresTest.user_is_on_the_tryeditor_page(java.lang.String)
  When User "Run" the code, modifies it, and runs it again                      # stepdefinition.DatastructuresTest.user_runs_the_code_modifies_it_and_runs_it_again(java.lang.String)
oldOutput is: Hi
newOutput is: Hi NumpyNinja
  Then User should see old output replaced with new output                      # stepdefinition.DatastructuresTest.user_should_see_output_replaced_with_new_output()
Sign out link not found or already signed out.
]]></system-out>
  </testcase>
  <testcase name="runScenario[&quot;Verify behavior when user clicks back button after writing code on Time Complexity Run page&quot;, &quot;DataStructures Page Validation&quot;](11)" classname="testrunner1.TestRunner" time="1.453">
    <system-out><![CDATA[
@DatastructuresTest
Scenario: Verify behavior when user clicks back button after writing code on Time Complexity Run page # src/test/resources/features/Datastructures/Datastructures.feature:58
  Given User is on the Home page after logging in                                                     # stepdefinition.DatastructuresTest.user_is_on_home_page_after_logging_in()
7
Data Structures-Introduction
  When User clicks the Getting Started button in Data Structures - Introduction                       # stepdefinition.DatastructuresTest.user_clicks_the_button_in_data_structures_introduction()
  Given User is on the "tryEditor" page for timecomplexity                                            # stepdefinition.DatastructuresTest.user_is_on_the_tryeditor_page(java.lang.String)
  When User writes the valid code in Editor and clicks the back arrow                                 # stepdefinition.DatastructuresTest.user_writes_valid_code_and_clicks_back_arrow()
  Then User should see displayed content under Datastructures module                                  # stepdefinition.DatastructuresTest.user_should_see_the_content_displayed_under_datastructures_module()
Signed out successfully after scenario.
]]></system-out>
  </testcase>
</testsuite>