<?xml version="1.0" encoding="UTF-8"?>
<testng-results ignored="0" total="1" passed="0" failed="1" skipped="0">
  <reporter-output>
  </reporter-output>
  <suite started-at="2025-09-18T15:55:55 EDT" name="Surefire suite" finished-at="2025-09-18T15:56:01 EDT" duration-ms="5582">
    <groups>
      <group name="cucumber">
        <method signature="AbstractTestNGCucumberTests.runScenario(io.cucumber.testng.PickleWrapper,io.cucumber.testng.FeatureWrapper)[pri:0, instance:testrunner1.TestRunner@6c80d78a]" name="runScenario" class="io.cucumber.testng.AbstractTestNGCucumberTests"/>
      </group> <!-- cucumber -->
    </groups>
    <test started-at="2025-09-18T15:55:55 EDT" name="Surefire test" finished-at="2025-09-18T15:56:01 EDT" duration-ms="5582">
      <class name="testrunner1.TestRunner">
        <test-method is-config="true" signature="setUpClass(org.testng.ITestContext)[pri:0, instance:testrunner1.TestRunner@6c80d78a]" started-at="2025-09-18T15:55:55 EDT" name="setUpClass" finished-at="2025-09-18T15:55:55 EDT" duration-ms="344" status="PASS">
          <params>
            <param index="0">
              <value>
                <![CDATA[org.testng.TestRunner@56f71edb]]>
              </value>
            </param>
          </params>
          <reporter-output>
          </reporter-output>
        </test-method> <!-- setUpClass -->
        <test-method signature="runScenario(io.cucumber.testng.PickleWrapper,io.cucumber.testng.FeatureWrapper)[pri:0, instance:testrunner1.TestRunner@6c80d78a]" started-at="2025-09-18T15:55:55 EDT" name="runScenario" description="Runs Cucumber Scenarios" data-provider="scenarios" finished-at="2025-09-18T15:56:00 EDT" duration-ms="5036" status="FAIL">
          <params>
            <param index="0">
              <value>
                <![CDATA["Verify that user able to land on Home page after entering valid Username and Password fields"]]>
              </value>
            </param>
            <param index="1">
              <value>
                <![CDATA["Login Page validation"]]>
              </value>
            </param>
          </params>
          <exception class="java.lang.RuntimeException">
            <message>
              <![CDATA[Failed to read Excel file: Sheet loginscenario not found]]>
            </message>
            <full-stacktrace>
              <![CDATA[java.lang.RuntimeException: Failed to read Excel file: Sheet loginscenario not found
at utilities.Excelreader.getData(Excelreader.java:38)
at utilities.Excelreader.getTestDataByAction(Excelreader.java:46)
at stepdefinition.LoginTests.userentersvalidcredentials(LoginTests.java:36)
at ✽.User enters valid credentials and clicks login button(file:///Users/aapu/eclipse-workspace/Dsalgo_Project3/src/test/resources/features/login/Login.feature:11)
]]>
            </full-stacktrace>
          </exception> <!-- java.lang.RuntimeException -->
          <reporter-output>
          </reporter-output>
        </test-method> <!-- runScenario -->
        <test-method is-config="true" signature="tearDownClass()[pri:0, instance:testrunner1.TestRunner@6c80d78a]" started-at="2025-09-18T15:56:00 EDT" name="tearDownClass" finished-at="2025-09-18T15:56:01 EDT" duration-ms="183" status="PASS">
          <reporter-output>
          </reporter-output>
        </test-method> <!-- tearDownClass -->
      </class> <!-- testrunner1.TestRunner -->
    </test> <!-- Surefire test -->
  </suite> <!-- Surefire suite -->
</testng-results>
