<?xml version="1.0" encoding="UTF-8"?>
<!-- Generated by org.testng.reporters.JUnitReportReporter -->
<testsuite hostname="AAPUs-MacBook-Air.local" failures="0" tests="1" name="testrunner1.TestRunner" time="5.036" errors="1" timestamp="2025-09-18T15:56:01 EDT" skipped="0">
  <testcase classname="testrunner1.TestRunner" name="runScenario" time="5.036">
    <error message="Failed to read Excel file: Sheet loginscenario not found" type="java.lang.RuntimeException">
      <![CDATA[java.lang.RuntimeException: Failed to read Excel file: Sheet loginscenario not found
at utilities.Excelreader.getData(Excelreader.java:38)
at utilities.Excelreader.getTestDataByAction(Excelreader.java:46)
at stepdefinition.LoginTests.userentersvalidcredentials(LoginTests.java:36)
at ✽.User enters valid credentials and clicks login button(file:///Users/aapu/eclipse-workspace/Dsalgo_Project3/src/test/resources/features/login/Login.feature:11)
]]>
    </error>
  </testcase> <!-- runScenario -->
</testsuite> <!-- testrunner1.TestRunner -->
